Start testing: Oct 16 12:24 BST
----------------------------------------------------------
1/8 Testing: no_args
1/8 Test: no_args
Command: "/Users/mp/Documents/uni/3038/lab3/bin/Debug/celsius2fahrenheit"
Directory: /Users/mp/Documents/uni/3038/lab3/bin
"no_args" start time: Oct 16 12:24 BST
Output:
----------------------------------------------------------
Please enter a temperature in Celsius : 0 degrees Celcius is the same as 32 degrees Fahrenheit.
<end of output>
Test time =   0.01 sec
----------------------------------------------------------
Test Passed.
"no_args" end time: Oct 16 12:24 BST
"no_args" time elapsed: 00:00:00
----------------------------------------------------------

2/8 Testing: 1_arg
2/8 Test: 1_arg
Command: "/Users/mp/Documents/uni/3038/lab3/bin/Debug/celsius2fahrenheit" "5"
Directory: /Users/mp/Documents/uni/3038/lab3/bin
"1_arg" start time: Oct 16 12:24 BST
Output:
----------------------------------------------------------
5 degrees Celcius is the same as 41 degrees Fahrenheit.
<end of output>
Test time =   0.00 sec
----------------------------------------------------------
Test Passed.
"1_arg" end time: Oct 16 12:24 BST
"1_arg" time elapsed: 00:00:00
----------------------------------------------------------

3/8 Testing: float_arg
3/8 Test: float_arg
Command: "/Users/mp/Documents/uni/3038/lab3/bin/Debug/celsius2fahrenheit" "5.5"
Directory: /Users/mp/Documents/uni/3038/lab3/bin
"float_arg" start time: Oct 16 12:24 BST
Output:
----------------------------------------------------------
5.5 degrees Celcius is the same as 41.9 degrees Fahrenheit.
<end of output>
Test time =   0.00 sec
----------------------------------------------------------
Test Passed.
"float_arg" end time: Oct 16 12:24 BST
"float_arg" time elapsed: 00:00:00
----------------------------------------------------------

4/8 Testing: 2_args
4/8 Test: 2_args
Command: "/Users/mp/Documents/uni/3038/lab3/bin/Debug/celsius2fahrenheit" "5" "9"
Directory: /Users/mp/Documents/uni/3038/lab3/bin
"2_args" start time: Oct 16 12:24 BST
Output:
----------------------------------------------------------
Improper usage. Wrong number of args.
Usage: $ /Users/mp/Documents/uni/3038/lab3/bin/Debug/celsius2fahrenheit (temp in C) OR $ /Users/mp/Documents/uni/3038/lab3/bin/Debug/celsius2fahrenheit
<end of output>
Test time =   0.00 sec
----------------------------------------------------------
Test Passed.
"2_args" end time: Oct 16 12:24 BST
"2_args" time elapsed: 00:00:00
----------------------------------------------------------

5/8 Testing: float_2_args
5/8 Test: float_2_args
Command: "/Users/mp/Documents/uni/3038/lab3/bin/Debug/celsius2fahrenheit" "5.5" "9.9"
Directory: /Users/mp/Documents/uni/3038/lab3/bin
"float_2_args" start time: Oct 16 12:24 BST
Output:
----------------------------------------------------------
Improper usage. Wrong number of args.
Usage: $ /Users/mp/Documents/uni/3038/lab3/bin/Debug/celsius2fahrenheit (temp in C) OR $ /Users/mp/Documents/uni/3038/lab3/bin/Debug/celsius2fahrenheit
<end of output>
Test time =   0.00 sec
----------------------------------------------------------
Test Passed.
"float_2_args" end time: Oct 16 12:24 BST
"float_2_args" time elapsed: 00:00:00
----------------------------------------------------------

6/8 Testing: correct
6/8 Test: correct
Command: "/Users/mp/Documents/uni/3038/lab3/bin/Debug/celsius2fahrenheit" "20"
Directory: /Users/mp/Documents/uni/3038/lab3/bin
"correct" start time: Oct 16 12:24 BST
Output:
----------------------------------------------------------
20 degrees Celcius is the same as 68 degrees Fahrenheit.
<end of output>
Test time =   0.00 sec
----------------------------------------------------------
Test Pass Reason:
Required regular expression found. Regex=[20 degrees Celcius is the same as 68 degrees Fahrenheit.]
"correct" end time: Oct 16 12:24 BST
"correct" time elapsed: 00:00:00
----------------------------------------------------------

7/8 Testing: correct2
7/8 Test: correct2
Command: "/Users/mp/Documents/uni/3038/lab3/bin/Debug/celsius2fahrenheit" "25"
Directory: /Users/mp/Documents/uni/3038/lab3/bin
"correct2" start time: Oct 16 12:24 BST
Output:
----------------------------------------------------------
25 degrees Celcius is the same as 77 degrees Fahrenheit.
<end of output>
Test time =   0.00 sec
----------------------------------------------------------
Test Pass Reason:
Required regular expression found. Regex=[25 degrees Celcius is the same as 77 degrees Fahrenheit.]
"correct2" end time: Oct 16 12:24 BST
"correct2" time elapsed: 00:00:00
----------------------------------------------------------

8/8 Testing: correct3
8/8 Test: correct3
Command: "/Users/mp/Documents/uni/3038/lab3/bin/Debug/celsius2fahrenheit" "30.8"
Directory: /Users/mp/Documents/uni/3038/lab3/bin
"correct3" start time: Oct 16 12:24 BST
Output:
----------------------------------------------------------
30.8 degrees Celcius is the same as 87.44 degrees Fahrenheit.
<end of output>
Test time =   0.00 sec
----------------------------------------------------------
Test Pass Reason:
Required regular expression found. Regex=[30.8 degrees Celcius is the same as 87.44 degrees Fahrenheit.]
"correct3" end time: Oct 16 12:24 BST
"correct3" time elapsed: 00:00:00
----------------------------------------------------------

End testing: Oct 16 12:24 BST
